2026-07-10 06:38:53,371 - INFO - ========================================
2026-07-10 06:38:53,371 - INFO - DATA COMPARE : FAIL
2026-07-10 06:38:53,371 - INFO - ========================================
2026-07-10 06:38:53,371 - INFO - Total Mismatched Rows : 7
2026-07-10 06:38:53,374 - INFO - 
 CustomerID CustomerName          Email      City Country datafrom
          1     John Doe john@gmail.com Bangalore   India   SOURCE
          2   Jane Smith jane@gmail.com Hyderabad   India   SOURCE
          3   Ravi Kumar ravi@gmail.com   Chennai   India   SOURCE
          1  John sreeni john@gmail.com Bangalore   India   TARGET
          2          NaN jane@gmail.com Hyderabad   India   TARGET
          3         Null ravi@gmail.com   Chennai   India   TARGET
          6   Ravi Kumar ravi@gmail.com   Chennai   India   TARGET
2026-07-10 06:38:53,379 - INFO - 
2026-07-10 06:38:53,380 - INFO - ----------------------------------------
2026-07-10 06:38:53,380 - INFO - Column Mismatch : CustomerName
2026-07-10 06:38:53,380 - INFO - Mismatch Count : 3
2026-07-10 06:38:53,380 - INFO - ----------------------------------------
2026-07-10 06:38:53,381 - INFO - 
 CustomerID CustomerName_source CustomerName_target
          1            John Doe         John sreeni
          2          Jane Smith                 NaN
          3          Ravi Kumar                Null
2026-07-10 06:38:53,384 - INFO - FINAL STATUS : FAIL
